------------  Running test 0a...
Reading TESTS/ibm01+.aux
 Done reading HGraph
 Reading TESTS/2way10%.blk ... 

Terminals specified in .net or .netD file, but no .fix file given.
  Making all nodes nonterminal (Warning in partProbIO.cxx:1161)
Reading PartitioningProblem took File seeds.in exists and will override all seeds, including hardcoded ones 
 0.014 user, 0.0e+00 system, 0 real, 1.763 norm'd sec 
Init+Read+PostProcess for PartProblem took  0.018 user, 0.0e+00 system, 0 real, 2.218 norm'd sec 
init soln balances      2.11501e+06 2.11501e+06 

 Single Balance Legality Checker 
 Part#    Min capacity   Actual capacity   Max capacity  Violation
    0 :    1.90351e+06     2.11501e+06      2.32651e+06      
    1 :    1.90351e+06     2.11501e+06      2.32651e+06      

 Pins:   25652  24914  

 Done writing newSoln.netD and newSoln.areM
 Writing newSoln.blk ... 
 Writing newSoln.sol ... 
------------  Running test 0b...
Reading TESTS/ibm01+8.aux
 Done reading HGraph
 Reading TESTS/8way10%.blk ... 

Terminals specified in .net or .netD file, but no .fix file given.
  Making all nodes nonterminal (Warning in partProbIO.cxx:1161)
Reading PartitioningProblem took File seeds.in exists and will override all seeds, including hardcoded ones 
 0.01 user, 1.9e-03 system, 0 real, 1.337 norm'd sec 
Init+Read+PostProcess for PartProblem took  0.014 user, 1.9e-03 system, 0 real, 1.786 norm'd sec 
init soln balances      528768 528768 528736 528736 528768 528736 528768 528736 

 Single Balance Legality Checker 
 Part#    Min capacity   Actual capacity   Max capacity  Violation
    0 :         475877          528768           581627      
    1 :         475877          528768           581627      
    2 :         475877          528736           581627      
    3 :         475877          528736           581627      
    4 :         475877          528768           581627      
    5 :         475877          528736           581627      
    6 :         475877          528768           581627      
    7 :         475877          528736           581627      

 Pins:    6743   5896   6869   7288   6747   6397   6106   4520  

 Done writing newSoln.netD and newSoln.areM
 Writing newSoln.blk ... 
 Writing newSoln.sol ... 
------------  Running test 1a...
Reading TESTS/ibm01+.aux
 Done reading HGraph
 Reading TESTS/2way10%.blk ... 

Terminals specified in .net or .netD file, but no .fix file given.
  Making all nodes nonterminal (Warning in partProbIO.cxx:1161)
Reading PartitioningProblem took File seeds.in exists and will override all seeds, including hardcoded ones 
 0.014 user, 0.0e+00 system, 0 real, 1.847 norm'd sec 
Init+Read+PostProcess for PartProblem took  0.018 user, 0.0e+00 system, 0 real, 2.3 norm'd sec 
 Single Balance Legality Checker 
 Part#    Min capacity   Actual capacity   Max capacity  Violation
    0 :    1.90351e+06               0      2.32651e+06      -
    1 :    1.90351e+06     4.23002e+06      2.32651e+06      +

 Pins:       0  50566  

Spent 4922 moves to balance
 Single Balance Legality Checker 
 Part#    Min capacity   Actual capacity   Max capacity  Violation
    0 :    1.90351e+06     1.90352e+06      2.32651e+06      
    1 :    1.90351e+06      2.3265e+06      2.32651e+06      

 Pins:   19815  30751  

------------  Running test 1b...
Reading TESTS/ibm01+8.aux
 Done reading HGraph
 Reading TESTS/8way10%.blk ... 

Terminals specified in .net or .netD file, but no .fix file given.
  Making all nodes nonterminal (Warning in partProbIO.cxx:1161)
Reading PartitioningProblem took File seeds.in exists and will override all seeds, including hardcoded ones 
 0.012 user, 0.0e+00 system, 0 real, 1.591 norm'd sec 
Init+Read+PostProcess for PartProblem took  0.015 user, 0.0e+00 system, 0 real, 2.044 norm'd sec 
 Single Balance Legality Checker 
 Part#    Min capacity   Actual capacity   Max capacity  Violation
    0 :         475877               0           581627      -
    1 :         475877     4.23002e+06           581627      +
    2 :         475877               0           581627      -
    3 :         475877               0           581627      -
    4 :         475877               0           581627      -
    5 :         475877               0           581627      -
    6 :         475877               0           581627      -
    7 :         475877               0           581627      -

 Pins:       0  50566      0      0      0      0      0      0  

Spent 10967 moves to balance
 Single Balance Legality Checker 
 Part#    Min capacity   Actual capacity   Max capacity  Violation
    0 :         475877          516320           581627      
    1 :         475877          575680           581627      
    2 :         475877          516352           581627      
    3 :         475877          527936           581627      
    4 :         475877          520992           581627      
    5 :         475877          522944           581627      
    6 :         475877          524704           581627      
    7 :         475877          525088           581627      

 Pins:    3422   7011   6404   6396   6441   7147   6741   7004  

------------  Running test 2a...
Reading TESTS/ibm01+.aux
 Done reading HGraph
 Reading TESTS/2way10%.blk ... 

Terminals specified in .net or .netD file, but no .fix file given.
  Making all nodes nonterminal (Warning in partProbIO.cxx:1161)
Reading PartitioningProblem took File seeds.in exists and will override all seeds, including hardcoded ones 
 0.013 user, 0.0e+00 system, 0 real, 1.28 norm'd sec 
Init+Read+PostProcess for PartProblem took  0.018 user, 0.0e+00 system, 0 real, 1.719 norm'd sec 
init soln balances      2.11501e+06 2.11501e+06 

 Single Balance Legality Checker 
 Part#    Min capacity   Actual capacity   Max capacity  Violation
    0 :    1.90351e+06     2.11501e+06      2.32651e+06      
    1 :    1.90351e+06     2.11501e+06      2.32651e+06      

 Pins:   25652  24914  

Spent 0 moves to legalize
 Single Balance Legality Checker 
 Part#    Min capacity   Actual capacity   Max capacity  Violation
    0 :    1.90351e+06     2.11501e+06      2.32651e+06      
    1 :    1.90351e+06     2.11501e+06      2.32651e+06      

 Pins:   25652  24914  

Spent 0 moves to balance
 Single Balance Legality Checker 
 Part#    Min capacity   Actual capacity   Max capacity  Violation
    0 :    1.90351e+06     2.11501e+06      2.32651e+06      
    1 :    1.90351e+06     2.11501e+06      2.32651e+06      

 Pins:   25652  24914  

------------  Running test 2b...
Reading TESTS/ibm01+8.aux
 Done reading HGraph
 Reading TESTS/8way10%.blk ... 

Terminals specified in .net or .netD file, but no .fix file given.
  Making all nodes nonterminal (Warning in partProbIO.cxx:1161)
Reading PartitioningProblem took File seeds.in exists and will override all seeds, including hardcoded ones 
 0.016 user, 0.0e+00 system, 0 real, 2.292 norm'd sec 
Init+Read+PostProcess for PartProblem took  0.02 user, 0.0e+00 system, 0 real, 2.745 norm'd sec 
init soln balances      528768 528768 528736 528736 528768 528736 528768 528736 

 Single Balance Legality Checker 
 Part#    Min capacity   Actual capacity   Max capacity  Violation
    0 :         475877          528768           581627      
    1 :         475877          528768           581627      
    2 :         475877          528736           581627      
    3 :         475877          528736           581627      
    4 :         475877          528768           581627      
    5 :         475877          528736           581627      
    6 :         475877          528768           581627      
    7 :         475877          528736           581627      

 Pins:    6743   5896   6869   7288   6747   6397   6106   4520  

Spent 0 moves to legalize
 Single Balance Legality Checker 
 Part#    Min capacity   Actual capacity   Max capacity  Violation
    0 :         475877          528768           581627      
    1 :         475877          528768           581627      
    2 :         475877          528736           581627      
    3 :         475877          528736           581627      
    4 :         475877          528768           581627      
    5 :         475877          528736           581627      
    6 :         475877          528768           581627      
    7 :         475877          528736           581627      

 Pins:    6743   5896   6869   7288   6747   6397   6106   4520  

Spent 0 moves to balance
 Single Balance Legality Checker 
 Part#    Min capacity   Actual capacity   Max capacity  Violation
    0 :         475877          528768           581627      
    1 :         475877          528768           581627      
    2 :         475877          528736           581627      
    3 :         475877          528736           581627      
    4 :         475877          528768           581627      
    5 :         475877          528736           581627      
    6 :         475877          528768           581627      
    7 :         475877          528736           581627      

 Pins:    6743   5896   6869   7288   6747   6397   6106   4520  

