------------  Running test saurabh...
Reading TESTS/saurabh1.aux
Reading TESTS/saurabh1.aux
 Reading TESTS/saurabh1.nodes ...
 Reading TESTS/saurabh1.nets ...
Finished reading TESTS/saurabh1.aux and referenced files
 Reading TESTS/saurabh1.scl ...
 Reading TESTS/saurabh1.pl ...
Finished reading TESTS/saurabh1.aux and referenced files
Reading TESTS/saurabh1.aux
 Reading TESTS/saurabh1.nodes ...
 Reading TESTS/saurabh1.nets ...
Finished reading TESTS/saurabh1.aux and referenced files
reqd Aspect Ratio 1.4
reqdArea 35
nodesArea 20
%WS  75 %
Annealer Parameters:
   normalizing Time:  30000
   start Time:        30000
   cooling Time:      0.01
   fixed-outline?     Yes
    -reqd Aspect Ratio:  1.4
    -maximum WS:         75%
   minimize WL?       Yes
    -wireWeight =  0.4
    -areaWeight =  0.4
   scale terminals?        No
   soft blks exist?        No
   use initial placement?  No
   compact init plmt?      No
   compact final plmt?     No
   use quad-pl as initial? No

The random seed for this run is: 0
1.111 micro seconds per move.
NumMoves attempted: 35920
realTime:0	userTime:0.02889
Final Area: 20 WhiteSpace 25% AR 1.25 HPWL 9.5
width:  5(outline width:  6.26099)
height: 4(outline height: 4.47214)
area utilization (wrt. total current area): 80%
whitespace       (wrt. total current area): 20%
