------------  Running test 0a...
Clustering Parameters
 Clustering Type: HEM   
 ClusterRatio:    1.3
 LevelGrowth:     2.5
 MaxNewClRatio:   9
 MaxChildClRatio: 4.5
 MaxClArea:       0
 SizeOfTop:       200
 RemoveDup:       0
 WeightOption:    3
 dontClusterToTerms 0

Reading TESTS/primary1+.aux
 Done reading HGraph
 Reading TESTS/2way10%.blk ... 

Terminals specified in .net or .netD file, but no .fix file given.
  Making all nodes nonterminal (Warning in partProbIO.cxx:1161)
Reading PartitioningProblem took File seeds.in exists and will override all seeds, including hardcoded ones 
 0.001415 user, 0.0e+00 system, 0 real, -0.00058015 norm'd sec 
Init+Read+PostProcess for PartProblem took  0.001426 user, 4.3e-03 system, 0 real, -0.00058466 norm'd sec 
HEM Clustering
 #Clusters
 833
 314
 200
 0 user, 9.0e-04 system, 0 real, -0 norm'd sec 
# Virtual Memory usage : 8.43359MB (estimate)
Degree 2 duplicate edges removed: 0
Degree 3 duplicate edges removed: 0
There are 3 saved HGraphs
TopLevel HGraph (#2)
  NumNodes: 200
  NumTerms: 0
  NumEdges: 465
Top level cut: 312
HGraph #1
  NumNodes: 314
  NumTerms: 0
  NumEdges: 565
  Cut: 312
HGraph #0
  NumNodes: 833
  NumTerms: 0
  NumEdges: 902
  Cut: 312
------------  Running test 0b-opt1...
Clustering Parameters
 Clustering Type: HEM   
 ClusterRatio:    1.3
 LevelGrowth:     2.5
 MaxNewClRatio:   9
 MaxChildClRatio: 4.5
 MaxClArea:       0
 SizeOfTop:       75
 RemoveDup:       0
 WeightOption:    3
 dontClusterToTerms 0

Reading TESTS/ibm01+.aux
 Done reading HGraph
 Reading TESTS/2way10%.blk ... 

Terminals specified in .net or .netD file, but no .fix file given.
  Making all nodes nonterminal (Warning in partProbIO.cxx:1161)
Reading PartitioningProblem took File seeds.in exists and will override all seeds, including hardcoded ones 
 0.014 user, 8.4e-04 system, 0 real, 24.049 norm'd sec 
Init+Read+PostProcess for PartProblem took  0.015 user, 4.7e-03 system, 0 real, 24.573 norm'd sec 
HEM Clustering
 #Clusters
 12752
 4765
 1906
 763
 306
 75
 0.025 user, 1.6e-04 system, 0 real, 41.712 norm'd sec 
# Virtual Memory usage :  19.543MB (estimate)
Degree 2 duplicate edges removed: 0
Degree 3 duplicate edges removed: 0
There are 6 saved HGraphs
TopLevel HGraph (#5)
  NumNodes: 75
  NumTerms: 0
  NumEdges: 2883
Top level cut: 1639
HGraph #4
  NumNodes: 306
  NumTerms: 0
  NumEdges: 4338
  Cut: 1639
HGraph #3
  NumNodes: 763
  NumTerms: 0
  NumEdges: 5607
  Cut: 1639
HGraph #2
  NumNodes: 1906
  NumTerms: 0
  NumEdges: 7210
  Cut: 1639
HGraph #1
  NumNodes: 4765
  NumTerms: 0
  NumEdges: 9335
  Cut: 1639
HGraph #0
  NumNodes: 12752
  NumTerms: 0
  NumEdges: 14111
  Cut: 1639
------------  Running test 0b-opt2...
Clustering Parameters
 Clustering Type: HEM   
 ClusterRatio:    1.3
 LevelGrowth:     2.5
 MaxNewClRatio:   9
 MaxChildClRatio: 4.5
 MaxClArea:       0
 SizeOfTop:       75
 RemoveDup:       2
 WeightOption:    3
 dontClusterToTerms 0

Reading TESTS/ibm01+.aux
 Done reading HGraph
 Reading TESTS/2way10%.blk ... 

Terminals specified in .net or .netD file, but no .fix file given.
  Making all nodes nonterminal (Warning in partProbIO.cxx:1161)
Reading PartitioningProblem took File seeds.in exists and will override all seeds, including hardcoded ones 
 0.01 user, 1.1e-03 system, 1 real, 1.053 norm'd sec 
Init+Read+PostProcess for PartProblem took  0.014 user, 1.3e-03 system, 1 real, 1.475 norm'd sec 
HEM Clustering
 #Clusters
 12752
 4765
 1906
 763
 306
 75
 0.026 user, 4.4e-04 system, 0 real, 2.678 norm'd sec 
# Virtual Memory usage : 19.4414MB (estimate)
Degree 2 duplicate edges removed: 4187
Degree 3 duplicate edges removed: 0
There are 6 saved HGraphs
TopLevel HGraph (#5)
  NumNodes: 75
  NumTerms: 0
  NumEdges: 1222
Top level cut: 1639
HGraph #4
  NumNodes: 306
  NumTerms: 0
  NumEdges: 2613
  Cut: 1639
HGraph #3
  NumNodes: 763
  NumTerms: 0
  NumEdges: 3925
  Cut: 1639
HGraph #2
  NumNodes: 1906
  NumTerms: 0
  NumEdges: 5680
  Cut: 1639
HGraph #1
  NumNodes: 4765
  NumTerms: 0
  NumEdges: 8130
  Cut: 1639
HGraph #0
  NumNodes: 12752
  NumTerms: 0
  NumEdges: 14111
  Cut: 1639
------------  Running test 0b-opt3...
Clustering Parameters
 Clustering Type: HEM   
 ClusterRatio:    1.3
 LevelGrowth:     2.5
 MaxNewClRatio:   9
 MaxChildClRatio: 4.5
 MaxClArea:       0
 SizeOfTop:       75
 RemoveDup:       3
 WeightOption:    3
 dontClusterToTerms 0

Reading TESTS/ibm01+.aux
 Done reading HGraph
 Reading TESTS/2way10%.blk ... 

Terminals specified in .net or .netD file, but no .fix file given.
  Making all nodes nonterminal (Warning in partProbIO.cxx:1161)
Reading PartitioningProblem took File seeds.in exists and will override all seeds, including hardcoded ones 
 0.004847 user, 7.7e-03 system, 0 real, 0.475423 norm'd sec 
Init+Read+PostProcess for PartProblem took  0.009092 user, 7.9e-03 system, 0 real, 0.891799 norm'd sec 
HEM Clustering
 #Clusters
 12752
 4765
 1906
 763
 306
 75
 0.029 user, 3.3e-04 system, 0 real, 2.885 norm'd sec 
# Virtual Memory usage : 19.4414MB (estimate)
Degree 2 duplicate edges removed: 4077
Degree 3 duplicate edges removed: 372
There are 6 saved HGraphs
TopLevel HGraph (#5)
  NumNodes: 75
  NumTerms: 0
  NumEdges: 1033
Top level cut: 1639
HGraph #4
  NumNodes: 306
  NumTerms: 0
  NumEdges: 2486
  Cut: 1639
HGraph #3
  NumNodes: 763
  NumTerms: 0
  NumEdges: 3849
  Cut: 1639
HGraph #2
  NumNodes: 1906
  NumTerms: 0
  NumEdges: 5658
  Cut: 1639
HGraph #1
  NumNodes: 4765
  NumTerms: 0
  NumEdges: 8123
  Cut: 1639
HGraph #0
  NumNodes: 12752
  NumTerms: 0
  NumEdges: 14111
  Cut: 1639
